2025-02-16 07:07:59,945 - __main__ - ERROR - Failed to load ML model: [Errno 2] Unable to synchronously open file (unable to open file: name = 'smile_hand_model.h5', errno = 2, error message = 'No such file or directory', flags = 0, o_flags = 0)
2025-02-16 07:23:21,456 - __main__ - INFO - ML model loaded successfully
2025-02-16 07:23:47,489 - __main__ - INFO - ML model loaded successfully
2025-02-16 07:28:44,026 - __main__ - INFO - ML model loaded successfully
2025-02-16 07:30:15,444 - __main__ - INFO - ML model loaded successfully
2025-02-16 07:30:52,647 - __main__ - INFO - ML model loaded successfully
2025-02-16 07:36:27,135 - __main__ - INFO - ML model loaded successfully
2025-02-16 07:39:15,701 - __main__ - INFO - ML model loaded successfully
2025-02-16 07:39:39,807 - __main__ - INFO - ML model loaded successfully
2025-02-16 07:40:50,562 - __main__ - INFO - ML model loaded successfully
2025-02-16 07:43:29,715 - __main__ - INFO - ML model loaded successfully
2025-02-16 07:43:31,078 - werkzeug - INFO - [31m[1mWARNING: This is a development server. Do not use it in a production deployment. Use a production WSGI server instead.[0m
 * Running on all addresses (0.0.0.0)
 * Running on http://127.0.0.1:5000
 * Running on http://192.168.1.5:5000
2025-02-16 07:43:31,079 - werkzeug - INFO - [33mPress CTRL+C to quit[0m
2025-02-16 07:43:31,087 - werkzeug - INFO -  * Restarting with stat
2025-02-16 07:43:36,570 - __main__ - INFO - ML model loaded successfully
2025-02-16 07:43:37,913 - werkzeug - WARNING -  * Debugger is active!
2025-02-16 07:43:37,917 - werkzeug - INFO -  * Debugger PIN: 653-248-104
2025-02-16 07:43:40,215 - werkzeug - INFO - 127.0.0.1 - - [16/Feb/2025 07:43:40] "[33mGET / HTTP/1.1[0m" 404 -
